[0.014s] Invoking command in '/home/rsand/aws_mouse/build/jetbot_description': /usr/bin/cmake /home/rsand/aws_mouse/src/jetbot_description -DCATKIN_INSTALL_INTO_PREFIX_ROOT=0 -DCMAKE_INSTALL_PREFIX=/home/rsand/aws_mouse/install/jetbot_description
[0.074s] -- The C compiler identification is GNU 11.3.0
[0.117s] -- The CXX compiler identification is GNU 11.3.0
[0.121s] -- Detecting C compiler ABI info
[0.180s] -- Detecting C compiler ABI info - done
[0.180s] -- Check for working C compiler: /usr/bin/cc - skipped
[0.180s] -- Detecting C compile features
[0.181s] -- Detecting C compile features - done
[0.183s] -- Detecting CXX compiler ABI info
[0.243s] -- Detecting CXX compiler ABI info - done
[0.247s] -- Check for working CXX compiler: /usr/bin/c++ - skipped
[0.248s] -- Detecting CXX compile features
[0.248s] -- Detecting CXX compile features - done
[0.256s] [31mCMake Error at CMakeLists.txt:5 (find_package):
[0.256s]   By not providing "Findcatkin.cmake" in CMAKE_MODULE_PATH this project has
[0.257s]   asked CMake to find a package configuration file provided by "catkin", but
[0.257s]   CMake did not find one.
[0.257s] 
[0.257s]   Could not find a package configuration file provided by "catkin" with any
[0.257s]   of the following names:
[0.257s] 
[0.258s]     catkinConfig.cmake
[0.258s]     catkin-config.cmake
[0.258s] 
[0.258s]   Add the installation prefix of "catkin" to CMAKE_PREFIX_PATH or set
[0.258s]   "catkin_DIR" to a directory containing one of the above files.  If "catkin"
[0.258s]   provides a separate development package or SDK, be sure it has been
[0.258s]   installed.
[0.258s] 
[0.258s] [0m
[0.258s] -- Configuring incomplete, errors occurred!
[0.258s] See also "/home/rsand/aws_mouse/build/jetbot_description/CMakeFiles/CMakeOutput.log".
[0.260s] Invoked command in '/home/rsand/aws_mouse/build/jetbot_description' returned '1': /usr/bin/cmake /home/rsand/aws_mouse/src/jetbot_description -DCATKIN_INSTALL_INTO_PREFIX_ROOT=0 -DCMAKE_INSTALL_PREFIX=/home/rsand/aws_mouse/install/jetbot_description
