[0.018s] Invoking command in '/home/rsand/aws_mouse/build/img_recognition': /usr/bin/cmake /home/rsand/aws_mouse/src/img_recognition -DCATKIN_INSTALL_INTO_PREFIX_ROOT=0 -DCMAKE_INSTALL_PREFIX=/home/rsand/aws_mouse/install/img_recognition
[0.066s] -- The C compiler identification is GNU 11.3.0
[0.116s] -- The CXX compiler identification is GNU 11.3.0
[0.121s] -- Detecting C compiler ABI info
[0.184s] -- Detecting C compiler ABI info - done
[0.191s] -- Check for working C compiler: /usr/bin/cc - skipped
[0.191s] -- Detecting C compile features
[0.192s] -- Detecting C compile features - done
[0.195s] -- Detecting CXX compiler ABI info
[0.256s] -- Detecting CXX compiler ABI info - done
[0.264s] -- Check for working CXX compiler: /usr/bin/c++ - skipped
[0.265s] -- Detecting CXX compile features
[0.266s] -- Detecting CXX compile features - done
[0.275s] [31mCMake Error at CMakeLists.txt:10 (find_package):
[0.275s]   By not providing "Findcatkin.cmake" in CMAKE_MODULE_PATH this project has
[0.276s]   asked CMake to find a package configuration file provided by "catkin", but
[0.276s]   CMake did not find one.
[0.276s] 
[0.276s]   Could not find a package configuration file provided by "catkin" with any
[0.276s]   of the following names:
[0.276s] 
[0.276s]     catkinConfig.cmake
[0.276s]     catkin-config.cmake
[0.276s] 
[0.276s]   Add the installation prefix of "catkin" to CMAKE_PREFIX_PATH or set
[0.276s]   "catkin_DIR" to a directory containing one of the above files.  If "catkin"
[0.277s]   provides a separate development package or SDK, be sure it has been
[0.277s]   installed.
[0.277s] 
[0.277s] [0m
[0.277s] -- Configuring incomplete, errors occurred!
[0.277s] See also "/home/rsand/aws_mouse/build/img_recognition/CMakeFiles/CMakeOutput.log".
[0.280s] Invoked command in '/home/rsand/aws_mouse/build/img_recognition' returned '1': /usr/bin/cmake /home/rsand/aws_mouse/src/img_recognition -DCATKIN_INSTALL_INTO_PREFIX_ROOT=0 -DCMAKE_INSTALL_PREFIX=/home/rsand/aws_mouse/install/img_recognition
